[   0.0000] inx veron4..030-enric (ild@lg01-amd64-060) (gcc version 7.3.0 (Ubuntu 7.3.0-16ubuntu3) #32-Ubuntu SMP Thu Jul 26 17:42:43 UTC 2018 (Ubuntu 4.15.0-30.32-generic 4.1518
[    .00000] Commandine: BOOT_IMAGE=/boot/vmlinuz-4..0-30geerc ro=UID=35dd0-6b18-4f03-bb7f-852e74694 ro console=y1console=ty0
[   0.00000] KEEL suppotecpus:
[   00000] Intel nuinIntel
[    0.000000]   AMD AuthenticAMD
[    0.000000]   Centaur CentaurHauls
[    0.000000 x6/fpu:uppoin XSAVEfetur 001: 'x87 foaing in regtes'
   0.00000 x86fp: Supprtng XAVfeatur 0002: 'S regiser'
  0.000000] x86/fpu: Supporting XSAVE feature 0x004: 'AVX registers'
[    0.000000] x86/fpu xtateffse[2]:  576, xstate_sizes[2]:  256
[   0000000]x8/fpu Eabled xstate features 0x7, context size is 832 bytes, usin 'tanrd format.
[   .00000]82: IO-povidedphsicalAMmap:
[    0.000000] BIOS-e820: [mem 0x0000000000000000-0x000000000009fbff] usable
[   0.0000]BIOS-e820: [mem 0x000000000009fc00-0x000000009ff] reserd
[  0000000 BOSe820: [mem 0x00000000000f0000-0x00000000000fffff] reserved
    0000000] BIOS-e820: [mem 0x0000000000100000-0x000000003ffeffff] usable
[    0.000000] BIOS-e820: [mem 0x000000003fff0000-0x000000003fffffff] ACPI data
[    0.000000] BIOS-e820: [mem 0x00000000fec00000-0x00000000fec00fff] reserved
[    0.000000] BIOS-e820: [mem 0x00000000fee00000-0x00000000fee00fff] reserved
[    0.000000] BIOS-e820: [mem 0x00000000fffc0000-0x00000000ffffffff] reserved
[    0.000000] NX (Execute Disable) protection: active
[    0.000000] SMBIOS 2.5 present.
[    0.000000] DMI: innotek GmbH VirtualBox/VirtualBox, BIOS VirtualBox 12/01/2006
[    0.000000] Hypervisor detected: KVM
[    0.000000] e820: last_pfn = 0x3fff0 max_arch_pfn = 0x400000000
[    0.000000] MTRR: Disabled
[    0.000000] x86/PAT: MTRRs disabled, skipping PAT initialization too.
[    0.000000 CPMTRRs all blank - virtualized system.
[  0.000000] x86/PAT: Configuration [0-7]: WB  WT  UC- UC  WB  WT  UC- UC 
[    000000fond SMPMPableatmem 0x0009fff0-0x0009ff] mapd t       (rvl)]
[    .00000] annig areas orlowemry crruption
[    0.000000]RADISK [em 059db000-0x36ceff]
[  0.00000] CPI:Ealytablchcksu vrificaio disled    0.00000]ACPI RDP 000000000E0000 0004 (v02 VOX )
[   000000] ACPI: XSDT 0x000000003FFF0030 00003C (v01 VBOX  VBOXXST 000001ASL 000061)[    00000] PI FAC 0000000FFF0F0000F4 (v4 BOX  VXFACP 000001SL  000006)
[    0.000000] ACPI: DSDT 0x000000003FFF0470 0021FF (v02 VBOX   VBOXBIOS 00000002 INTL 20100528)
[    0.000000] ACPI: FACS 0x000000003FFF0200 000040
[    0.000000] ACPI: FACS 0x000000003FFF0200 000040
[    0.000000] ACPI: APIC 0x0000003FFF02400005C (v02 VBOX VBOPIC 00001 AL  000001)
[    .00000ACI: SSDT x00000003FF02A 01CC (v01BOX  VXCPU0000002 NTL 200028)    0000] No NUMA onguratn ound
[   0.0000] kinga nodet [mem 00000000000000-00000003feff]
[   0.0000] ODE_AT(0  alloatd [mem0xfc50000xffeffff
   0.000] kvm-coc: cpu0,sr 0:344001,riary puclock
[   0.000000] kvm-clock: Using msrs 4b564d01 and 4b564d00
[    0.00000] kv-coc: ing ch offetof 5616339 cles    .0000] cloksource:kv-clock: mas: xffffffffffffff ma_cyces 0x1424dffb, ma_ile_ns: 881590591483 nns
[   00000] Zone rangs:
[    .000000]   DMA    [mem 0x000000000001000-0x0000000000ffffff]
[    0.000000]   DMA32    [mem 0x0000000001000000-0x000000003ffeffff]
[    0.000000]   orl   ety
   0.000]   Deve   empt
[    0.00000 Mvable ne start for each node
[    0.000000] Early memory node ranges
[    0.000000]   node   0: [mem 0x0000000000001000-0x000000000009efff]
[    0.000000]   node   0: [mem 0x0000000000100000-0x000000003ffeffff]
[    0.000000] Initmem setup node 0 [mem 0x0000000000001000-0x000000003ffeffff]
[    0.000000] Reserved but unavailable: 98 pages
[    0.000000ACPI: PM-Ter IOor: 0x408
[   0.000] IOAPIC[0]: apic_id 2, version 32, address 0xfec00000, GSI 0-23
[    0.000000] ACPI: INT_SRC_OVR (bus 0 bus_irq 0 global_irq 2 dfl dfl)
[    0.000000] ACPI: INT_SRC_OVR (bus 0 bus_irq 9 global_irq 9 low level)
[    0.000000] Using ACPI (MADT) for SMP configuration information
[    0.000000] smpboot: Allowi 2 CPU 0 hotlug Us
  0.000000] PM:Registerd osav mmoy:mem 0x000000-0x0000ff]
[  0.0000] PM: Rgitered osve mmoy: [mem0x009f0-0x0009ffff]
[    0.0000] P Rgisted osav mmoy: [mem 0x000a0000-0x000eff][   0.000000] PM: Registered nosave memory: [mem 0x000f0000-0x000fffff]
[    0.000000] e820: [mem 0x40000000-0xfebfffff] available for PCI devices
[    0.000000] Booting paravirtualized kernel on KVM
[    0.000000] clocksource: refine-jiie: mask: 0xffffffff max_cycles: 0xffffffff, max_idle_ns: 7645519600211568 ns
[    0.000000] random: get_random_bytes called from start_kernel+0x99/0x4fd with crng_init=0
[    0.000000] setup_percpu: NR_CPUS:8192 nr_cpuaskbits:2 nr_u_ids:2nrnode_ids
[    00000 prcp Ebedde46pages/cpu @        (ptrval) s151552 r819 d28672 0485
    0.00000] PV qsnloc hh tab entries 256 (order: 0, 4096 bytes)
[    0.000000] Built 1 zonelists, mobility grouping on.  Total ags: 2579
[  0.00000] Polcyzone: DMA32
[    0.000000] Kernel command line: BOOT_IMAGE=/bootvmnuz-4.15.0-30-generic root=UUID=35dd8d0d-6b18-4f03-bb7f-85f521e74694 ro console=tty1 console=ttyS0
[    0.000000] Memory: 983088K/1048120K available (12300K kernel code, 2470K rwdata, 4240K rodata, 2408K init, 2416K bss, 65032K reserved, 0K cma-reserved)
[    0.000000] LU: HWig=64, Ode=0-3MiObjets0, CUs2, Nod=1
[  0.000000 KrnelUsr pa tblessoation:nabled
[   0.000000] ftrace: allocating 39093 entries in 153 pages
[    0.004000] Hierarchical RCU iplementtin.
[    0004000 	CU retrcting CPs rom NR_CUS=8192o nr_cu_ds=2
[   000000	Tsks CUnabled.
[   0.400] R: Adjuin geetryorrcu_nout_lea=16, nr_cpu_ids=2
[    0.00400] R_IRQ: 4544,r_rqs: 440, reallocated irqs: 16
[    0.004000] Console: colour VGA+ 80x25
[    0.004000] console [tty1] enabl
[    0.004000] onle [ttyS0] enabled
[    0.004000] ACPI: Core revision 20170831
[    .04000ACI:2 PI AMtablesucessuly cqred and loaded
[    0.004019] APIC: Switch to symmetric I/O mode setup
[    0.008295] x2apic enabled
[    0.012008] Switched APIC routing to physical x2apic.
[    0.016884] ..TIMER: vector=0x30 apic1=0 pin1=2 apic2=-1 pin2=-1
[    0.020007] tsc: Detected 2304.000 MHz processor
[    0.024010] Calibrating delay loop (skipped) preset value.. 4608.00 BogoMIPS (lpj=9216000)
[    0.028003] pid_max: default: 32768 minimum: 301
[    0.032048] Security Framework initialized
[    0.036009] Yama: becoming mindful.
[    0.040037] AppArmor: AppArmor initialized
[    0.045801] Dentry cache hash table entries: 131072 (order: 8, 1048576 bytes)
[    0.048087] Inode-cache hash table entries: 65536 (order: 7, 524288 bytes)
[    0.052038] Mount-cache hash table entries: 2048 (order: 2, 16384 bytes)
[    0.056019] Mountpoint-cache hash table entries: 2048 (order: 2, 16384 bytes)
[    0.060208] CPU: Physical Processor ID: 0
[    0.064007] CPU: Processor Core ID: 0
[    0.068027] mce: CPU supports 0 MCE banks
[    0.072023] Last level iTLB entries: 4KB 64, 2MB 8, 4MB 8
[    0.076006] Last level dTLB entries: 4KB 64, 2MB 0, 4MB 0, 1GB 4
[    0.080008] Spectre V2 : Mitigation: Full generic retpoline
[    0.084007] Spectre V2 : Spectre v2 mitigation: Filling RSB on context switch
[    0.088006] Speculative Store Bypass: Vulnerable
[    0.092102] Freeing SMP alternatives memory: 36K
[    0.100000] smpboot: CPU0: Intel(R) Core(TM) i5-7360U CPU @ 2.30GHz (family: 0x6, model: 0x8e, stepping: 0x9)
[    0.100093] Performance Events: unsupported p6 CPU model 142 no PMU driver, software events only.
[    0.104174] Hierarchical SRCU implementation.
[    0.108564] NMI watchdog: Perf event create on CPU 0 failed with -2
[    0.112006] NMI watchdog: Perf NMI watchdog permanently disabled
[    0.120018] smp: Bringing up secondary CPUs ...
[    0.124093] x86: Booting SMP configuration:
[    0.128009] .... node  #0, CPUs:      #1
[    0.004000] kvm-clock: cpu 1, msr 0:3ff44041, secondary cpu clock
[    0.004000] mce: CPU supports 0 MCE banks
[    0.186600] smp: Brought up 1 node, 2 CPUs
[    0.188011] smpboot: Max logical packages: 1
[    0.192010] smpboot: Total of 2 processors activated (9216.00 BogoMIPS)
[    0.196159] devtmpfs: initialized
[    0.200088] x86/mm: Memory block size: 128MB
[    0.204409] evm: security.selinux
[    0.208022] evm: security.SMACK64
[    0.212007] evm: security.SMACK64EXEC
[    0.216007] evm: security.SMACK64TRANSMUTE
[    0.217034] evm: security.SMACK64MMAP
[    0.220006] evm: security.apparmor
[    0.224005] evm: security.ima
[    0.228005] evm: security.capability
[    0.232096] clocksource: jiffies: mask: 0xffffffff max_cycles: 0xffffffff, max_idle_ns: 7645041785100000 ns
[    0.236015] futex hash table entries: 512 (order: 3, 32768 bytes)
[    0.240084] pinctrl core: initialized pinctrl subsystem
[    0.245731] RTC time: 23:50:09, date: 08/15/18
[    0.248244] NET: Registered protocol family 16
[    0.252082] audit: initializing netlink subsys (disabled)
[    0.256056] audit: type=2000 audit(1534376994.747:1): state=initialized audit_enabled=0 res=1
[    0.504010] cpuidle: using governor ladder
[    0.508017] cpuidle: using governor menu
[    0.512048] ACPI: bus type PCI registered
[    0.516007] acpiphp: ACPI Hot Plug PCI Controller Driver version: 0.5
[    0.520119] PCI: Using configuration type 1 for base access
[    0.528300] HugeTLB registered 2.00 MiB page size, pre-allocated 0 pages
[    0.536084] ACPI: Added _OSI(Module Device)
[    0.540011] ACPI: Added _OSI(Processor Device)
[    0.541087] ACPI: Added _OSI(3.0 _SCP Extensions)
[    0.542216] ACPI: Added _OSI(Processor Aggregator Device)
[    0.544010] ACPI: Added _OSI(Linux-Dell-Video)
[    0.548389] ACPI: Executed 1 blocks of module-level executable AML code
[    0.557912] ACPI: Interpreter enabled
[    0.560022] ACPI: (supports S0 S5)
[    0.564006] ACPI: Using IOAPIC for interrupt routing
[    0.568247] PCI: Using host bridge windows from ACPI; if necessary, use "pci=nocrs" and report a bug
[    0.572212] ACPI: Enabled 2 GPEs in block 00 to 07
[    0.582522] ACPI: PCI Root Bridge [PCI0] (domain 0000 [bus 00-ff])
[    0.584017] acpi PNP0A03:00: _OSC: OS supports [ASPM ClockPM Segments MSI]
[    0.588132] acpi PNP0A03:00: _OSC: not requesting OS control; OS requires [ExtendedConfig ASPM ClockPM MSI]
[    0.592027] acpi PNP0A03:00: fail to add MMCONFIG information, can't access extended PCI configuration space under this bridge.
[    0.596406] PCI host bridge to bus 0000:00
[    0.600010] pci_bus 0000:00: root bus resource [io  0x0000-0x0cf7 window]
[    0.604011] pci_bus 0000:00: root bus resource [io  0x0d00-0xffff window]
[    0.608009] pci_bus 0000:00: root bus resource [mem 0x000a0000-0x000bffff window]
[    0.612011] pci_bus 0000:00: root bus resource [mem 0x40000000-0xfdffffff window]
[    0.616010] pci_bus 0000:00: root bus resource [bus 00-ff]
[    0.622361] pci 0000:00:01.1: legacy IDE quirk: reg 0x10: [io  0x01f0-0x01f7]
[    0.624010] pci 0000:00:01.1: legacy IDE quirk: reg 0x14: [io  0x03f6]
[    0.628008] pci 0000:00:01.1: legacy IDE quirk: reg 0x18: [io  0x0170-0x0177]
[    0.632009] pci 0000:00:01.1: legacy IDE quirk: reg 0x1c: [io  0x0376]
[    0.657705] pci 0000:00:07.0: quirk: [io  0x4000-0x403f] claimed by PIIX4 ACPI
[    0.660042] pci 0000:00:07.0: quirk: [io  0x4100-0x410f] claimed by PIIX4 SMB
[    0.673877] ACPI: PCI Interrupt Link [LNKA] (IRQs 5 9 10 *11)
[    0.676344] ACPI: PCI Interrupt Link [LNKB] (IRQs 5 9 *10 11)
[    0.680161] ACPI: PCI Interrupt Link [LNKC] (IRQs 5 *9 10 11)
[    0.684163] ACPI: PCI Interrupt Link [LNKD] (IRQs 5 9 10 *11)
[    0.688421] SCSI subsystem initialized
[    0.696113] pci 0000:00:02.0: vgaarb: setting as boot VGA device
[    0.700000] pci 0000:00:02.0: vgaarb: VGA device added: decodes=io+mem,owns=io+mem,locks=none
[    1.020013] pci 0000:00:02.0: vgaarb: bridge control possible
[    1.112009] vgaarb: loaded
[    1.168050] ACPI: bus type USB registered
[    1.220040] usbcore: registered new interface driver usbfs
[    1.232029] usbcore: registered new interface driver hub
[    1.252057] usbcore: registered new device driver usb
[    1.272080] EDAC MC: Ver: 3.0.0
[    1.276822] PCI: Using ACPI for IRQ routing
[    1.296987] NetLabel: Initializing
[    1.312008] NetLabel:  domain hash size = 128
[    1.428007] NetLabel:  protocols = UNLABELED CIPSOv4 CALIPSO
[    1.532030] NetLabel:  unlabeled traffic allowed by default
[    1.704135] clocksource: Switched to clocksource kvm-clock
[    1.864114] VFS: Disk quotas dquot_6.6.0
[    1.968500] VFS: Dquot-cache hash table entries: 512 (order 0, 4096 bytes)
[    2.020275] AppArmor: AppArmor Filesystem Enabled
[    2.021459] pnp: PnP ACPI init
[    2.043475] pnp: PnP ACPI: found 3 devices
[    2.144234] clocksource: acpi_pm: mask: 0xffffff max_cycles: 0xffffff, max_idle_ns: 2085701024 ns
[    2.225767] NET: Registered protocol family 2
[    2.253134] TCP established hash table entries: 8192 (order: 4, 65536 bytes)
[    2.277485] TCP bind hash table entries: 8192 (order: 5, 131072 bytes)
[    2.356190] TCP: Hash tables configured (established 8192 bind 8192)
[    2.382240] UDP hash table entries: 512 (order: 2, 16384 bytes)
[    2.409131] UDP-Lite hash table entries: 512 (order: 2, 16384 bytes)
[    2.425286] NET: Registered protocol family 1
[    2.434448] pci 0000:00:00.0: Limiting direct PCI/PCI transfers
[    2.448691] pci 0000:00:01.0: Activating ISA DMA hang workarounds
[    2.476049] pci 0000:00:02.0: Video device with shadowed ROM at [mem 0x000c0000-0x000dffff]
[    2.484804] Unpacking initramfs...
[    2.766437] Freeing initrd memory: 19496K
[    2.780677] platform rtc_cmos: registered platform RTC device (no PNP device found)
[    2.821489] Scanning for low memory corruption every 60 seconds
[    2.853636] Initialise system trusted keyrings
[    2.866424] Key type blacklist registered
[    2.936286] workingset: timestamp_bits=36 max_order=18 bucket_order=0
[    3.081274] zbud: loaded
[    3.168837] squashfs: version 4.0 (2009/01/31) Phillip Lougher
[    3.309059] fuse init (API version 7.26)
[    3.426453] Key type asymmetric registered
[    3.508494] Asymmetric key parser 'x509' registered
[    3.532011] Block layer SCSI generic (bsg) driver version 0.4 loaded (major 246)
[    3.576332] io scheduler noop registered
[    3.600260] io scheduler deadline registered
[    3.712455] io scheduler cfq registered (default)
[    3.768243] ACPI: AC Adapter [AC] (off-line)
[    3.842995] tsc: Refined TSC clocksource calibration: 2304.360 MHz
[    3.846155] clocksource: tsc: mask: 0xffffffffffffffff max_cycles: 0x21374befd80, max_idle_ns: 440795251154 ns
[    3.846665] input: Power Button as /devices/LNXSYSTM:00/LNXPWRBN:00/input/input0
[    3.846678] ACPI: Power Button [PWRF]
[    3.846749] input: Sleep Button as /devices/LNXSYSTM:00/LNXSLPBN:00/input/input1
[    3.846753] ACPI: Sleep Button [SLPF]
[    3.847845] ACPI: Battery Slot [BAT0] (battery present)
[    3.921311] Serial: 8250/16550 driver, 32 ports, IRQ sharing enabled
[    4.021753] 00:02: ttyS0 at I/O 0x3f8 (irq = 4, base_baud = 115200) is a 16550A
[    4.034545] Linux agpgart interface v0.103
[    4742]oo mule loaed
[    4.4805 si st0 a_px
[  4.16] sihot1atpix
[    5146280] ata1: PATA max UDMA/33 cmd 0x1f0 ctl 0x3f6 bmdma 0xd000 irq 14
[    5.225322] ata2: PATA max UDMA/33 cmd 0x170 ctl 0x376 bmdma 0xd008 irq 15
[    5.259094] libphy: Fixed MDIO Bus: probed
[    5.282830] tun: Universal TUN/TAP device driver, 1.6
[    5.330091] PPP generic driver version 2.4.2
[    5.337140] ehci_hcd: USB 2.0 'Enhanced' Host Controller (EHCI) Driver
[    5.356732] ehci-pci: EHCI PCI platform driver
[    5.357864] ehci-platform: EHCI generic platform driver
[    5.376879] ohci_hcd: USB 1.1 'Open' Host Controller (OHCI) Driver
[    5.420400] ohci-pci: OHCI PCI platform driver
[    5.444415] ohci-platform: OHCI generic platform driver
[    5.469216] uhci_hcd: USB Universal Host Controller Interface driver
[    5.470911] i8042: PNP: PS/2 Controller [PNP0303:PS2K,PNP0f03:PS2M] at 0x60,0x64 irq 1,12
[    5.487021] serio: i8042 KBD port at 0x60,0x64 irq 1
[    5.557476] serio: i8042 AUX port at 0x60,0x64 irq 12
[    5.57403 msev:PS2 usdeceomonorllic

[    6.143358] rtc_cmos rtc_cmos: rtc core: registered rtc_cmos as rtc0
[    6.232697] rtc_cmos rtc_cmos: alarms up to one day, 114 bytes nvram
[    6.376797] i2c /dev entries driver
[    6.433375] input: AT Translated Set 2 keyboard as /devices/platform/i8042/serio0/input/input2
[    6.441042] device-mapper: uevent: version 1.0.3
[    6.441108] device-mapper: ioctl: 4.37.0-ioctl (2017-09-20) initialised: dm-devel@redhat.com
[    6.757257] ledtrig-cpu: registered to indicate activity on CPUs
[    6.800089] NET: Registered protocol family 10
[    6.822925] Segment Routing with IPv6
[    6.843843] NET: Registered protocol family 17
[    6.866971] Key type dns_resolver registered
[    6.875099] RAS: Correctable Errors collector initialized.
[    6.892852] sched_clock: Marking stable (6892817072, 0)->(30300691474, -23407874402)
[    6.972454] registered taskstats version 1
[    7.075937] Loading compiled-in X.509 certificates
[    7.174612] Loaded X.509 cert 'Build time autogenerated kernel key: 83a24b0453c1c7015e385f44153c9d4e483baefd'
[    7.389044] zswap: loaded using pool lzo/zbud
[    7.539592] Key type big_key registered
[    7.602247] Key type trusted registered
[    7.710888] Key type encrypted reiistered
[    7.848488] AppArmor: AppArmor sha1 policy hashing enabled
[    7.915809] ima: No TPM chip found, activating TPM-bypass! (rc=-19)
[    7.929120] evm: HMAC attrs: 0x1
[    7.936127]   Magic number: 14:368:858
[    7.940342] rtc_cmos rtc_cmos: setting system clock to 2018-08-15 23:50:19 UTC (1534377019)
[    7.959183] BIOS EDD facility v0.16 2004-Jun-25, 0 devices found
[    7.968917] EDD information not available.
[    7.994271] Freeing unused kernel memory: 2408K
[    8.036521] Write protecting the kernel read-only data: 20480k
[    8.054403] Freeing unused kernel memory: 2008K
[    8.081473] Freeing unused kernel memory: 1904K
[    8.196494] x86/mm: Checked W+X mappings: passed, no W+X pages found.
[    8.318906] x86/mm: Checking user space page tables
[    8.345224] x86/mm: Checked W+X mappings: passed, no W+X pages found.
Loading, please wait...
starting version 237
[    8.639614] e1000: Intel(R) PRO/1000 Network Driver - version 7.3.21-k8-NAPI
[    8.641419] e1000: Copyright (c) 1999-2006 Intel Corporation.
[    8.649109] Fusion MPT base driver 3.04.20
[    8.664727] Copyright (c) 1999-2008 LSI Corporation
[    8.674574] AVX2 version of gcm_enc/dec engaged.
[    8.712951] AES CTR mode by8 optimization enabled
[    8.796796] Fusion MPT SPI Host driver 3.04.20
[    8.915425] input: ImExPS/2 Generic Explorer Mouse as /devices/platform/i8042/serio1/input/input4
[    9.215554] e1000 0000:00:03.0 eth0: (PCI:33MHz:32-bit) 02:bb:34:5d:fb:cd
[   10.619371] e1000 0000:00:03.0 eth0: Intel(R) PRO/1000 Network Connection
[   12.051152] mptbase: ioc0: Initiating bringup
[   13.009798] ioc0: LSI53C1030 A0: Capabilities={Initiator}
[   15.243509] scsi host2: ioc0: LSI53C1030 A0, FwRev=00000000h, Ports=1, MaxQ=256, IRQ=20
[   17.406326] scsi 2:0:0:0: Direct-Access     VBOX     HARDDISK         1.0  PQ: 0 ANSI: 5
[   19.198718] scsi target2:0:0: Beginning Domain Validation
[   19.255082] scsi target2:0:0: Domain Validation skipping write tests
[   19.274062] scsi target2:0:0: Ending Domain Validation
[   19.275383] scsi target2:0:0: asynchronous
[   19.300229] random: fast init done
[   19.301127] scsi 2:0:1:0: Direct-Access     VBOX     HARDDISK         1.0  PQ: 0 ANSI: 5
[   19.526959] scsi target2:0:1: Beginning Domain Validation
[   19.552496] e1000 0000:00:08.0 eth1: (PCI:33MHz:32-bit) 08:00:27:5d:20:d6
[   19.552501] e1000 0000:00:08.0 eth1: Intel(R) PRO/1000 Network Connection
[   19.641223] random: systemd-udevd: uninitialized urandom read (16 bytes read)
[   19.642323] scsi target2:0:1: Domain Validation skipping write tests
[   19.642324] scsi target2:0:1: Ending Domain Validation
[   19.642422] scsi target2:0:1: asynchronous
[   19.647182] sd 2:0:0:0: [sda] 20971520 512-byte logical blocks: (10.7 GB/10.0 GiB)
[   19.647225] sd 2:0:0:0: [sda] Write Protect is off
[   19.647305] sd 2:0:0:0: [sda] Incomplete mode parameter data
[   19.647306] sd 2:0:0:0: [sda] Assuming drive cache: write through
[   19.812181] sd 2:0:0:0: Attached scsi generic sg0 type 0
[   19.812649] sd 2:0:1:0: Attached scsi generic sg1 type 0
[   19.812915] sd 2:0:1:0: [sdb] 20480 512-byte logical blocks: (10.5 MB/10.0 MiB)
[   19.812967] sd 2:0:1:0: [sdb] Write Protect is off
[   19.813063] sd 2:0:1:0: [sdb] Incomplete mode parameter data
[   19.813064] sd 2:0:1:0: [sdb] Assuming drive cache: write through
[   19.818192]  sda: sda1
[   19.818986] sd 2:0:0:0: [sda] Attached SCSI disk
[   19.819623] sd 2:0:1:0: [sdb] Attached SCSI disk
[   20.452417] random: systemd-udevd: uninitialized urandom read (16 bytes read)
[   20.463290] random: systemd-udevd: uninitialized urandom read (16 bytes read)
[   20.466356] random: systemd-udevd: uninitialized urandom read (16 bytes read)
[   20.466365] random: systemd-udevd: uninitialized urandom read (16 bytes read)
[   20.466517] random: systemd-udevd: uninitialized urandom read (16 bytes read)
[   20.467298] random: systemd-udevd: uninitialized urandom read (16 bytes read)
[   20.467314] random: systemd-udevd: uninitialized urandom read (16 bytes read)
[   20.467368] random: systemd-udevd: uninitialized urandom read (16 bytes read)
[   20.467430] random: systemd-udevd: uninitialized urandom read (16 bytes read)
[   20.467461] e1000 0000:00:03.0 enp0s3: renamed from eth0
[   20.594141] e1000 0000:00:08.0 enp0s8: renamed from eth1
Begin: Loading essential drivers ... [   22.108625] raid6: sse2x1   gen() 11165 MB/s
[   22.200569] raid6: sse2x1   xor()  8129 MB/s
[   22.396125] raid6: sse2x2   gen() 14791 MB/s
[   22.604774] raid6: sse2x2   xor()  9993 MB/s
[   22.796118] raid6: sse2x4   gen() 17186 MB/s
[   22.904012] raid6: sse2x4   xor() 10632 MB/s
[   23.125242] raid6: avx2x1   gen() 25024 MB/s
[   23.324322] raid6: avx2x1   xor() 16623 MB/s
[   23.512122] raid6: avx2x2   gen() 35542 MB/s
[   23.685902] raid6: avx2x2   xor() 18954 MB/s
[   23.878896] raid6: avx2x4   gen() 36754 MB/s
[   23.976338] raid6: avx2x4   xor() 14198 MB/s
[   24.016650] raid6: using algorithm avx2x4 gen() 36754 MB/s
[   24.036049] raid6: .... xor() 14198 MB/s, rmw enabled
[   24.066234] raid6: using avx2x2 recovery algorithm
[   24.116721] xor: automatically using best checksumming function   avx       
[   24.181106] async_tx: api initialized (async)
done.
Begin: Running /scripts/init-premount ... done[   24.254289] Btrfs loaded, crc32c=crc32c-intel
.
Begin: Mounting root file system ... Begin: Running /scripts/local-top ... done.
Begin: Running /scripts/local-premount ... Scanning for Btrfs filesystems
done.
Warning: fsck no[   24.344633] EXT4-fs (sda1): mounted filesystem with ordered data mode. Opts: (null)
t present, so skipping root file system
done.
Begin: Running /scripts/local-bottom ... done.
Begin: Running /scripts/init-bottom ... done.
[   24.602294] ip_tables: (C) 2000-2006 Netfilter Core Team
[   24.752358] systemd[1]: systemd 237 running in system mode. (+PAM +AUDIT +SELINUX +IMA +APPARMOR +SMACK +SYSVINIT +UTMP +LIBCRYPTSETUP +GCRYPT +GNUTLS +ACL +XZ +LZ4 +SECCOMP +BLKID +ELFUTILS +KMOD -IDN2 +IDN -PCRE2 default-hierarchy=hybrid)
[   24.979305] systemd[1]: Detected virtualization oracle.
[   25.207546] systemd[1]: Detected architecture x86-64.

Welcome to [1mUbuntu 18.04.1 LTS[0m!

[   25.347292] systemd[1]: Set hostname to <ubuntu-bionic>.
[   25.730636] systemd[1]: Reached target System Time Synchronized.
[[0;32m  OK  [0m] Reached target System Time Synchronized.
[   25.984533] systemd[1]: Set up automount Arbitrary Executable File Formats File System Automount Point.
[[0;32m  OK  [0m] Set up automount Arbitrary Executab…rmats File System Automount Point.
[   26.447002] systemd[1]: Created slice User and Session Slice.
[[0;32m  OK  [0m] Created slice User and Session Slice.
[   26.702237] systemd[1]: Created slice System Slice.
[[0;32m  OK  [0m] Created slice System Slice.
[   26.904532] systemd[1]: Listening on LVM2 metadata daemon socket.
[[0;32m  OK  [0m] Listening on LVM2 metadata daemon socket.
[   27.117770] systemd[1]: Created slice system-serial\x2dgetty.slice.
[[0;32m  OK  [0m] Created slice system-serial\x2dgetty.slice.
[[0;32m  OK  [0m] Listening on Network Service Netlink Socket.
[[0;32m  OK  [0m] Listening on /dev/initctl Compatibility Named Pipe.
[[0;32m  OK  [0m] Listening on Journal Audit Socket.
[[0;32m  OK  [0m] Reached target Slices.
[[0;32m  OK  [0m] Listening on Device-mapper event daemon FIFOs.
[[0;32m  OK  [0m] Listening on udev Kernel Socket.
[[0;32m  OK  [0m] Listening on Journal Socket (/dev/log).
[[0;32m  OK  [0m] Listening on Syslog Socket.
[[0;32m  OK  [0m] Reached target User and Group Name Lookups.
[[0;32m  OK  [0m] Listening on udev Control Socket.
[[0;32m  OK  [0m] Listening on LVM2 poll daemon socket.
[[0;32m  OK  [0m] Reached target Swap.
[[0;32m  OK  [0m] Listening on Journal Socket.
         Starting udev Coldplug all Devices...
         Mounting Kernel Debug File System...
         Starting Set the console keyboard layout...
         Mounting POSIX Message Queue File System...
         Starting Uncomplicated firewall...
         Starting Remount[   28.200994] EXT4-fs (sda1): re-mounted. Opts: (null)
 Root and Kernel File Systems...
         Starting Journal[   28.402071] random: crng init done
 Service...
         Mounting Huge Pages File System...
         Starting Monitoring of LVM2 mirrors…ng dmeventd or progress polling...
[[0;32m  OK  [0m] Started Forward Password Requests to Wall Directory Watch.
         Starting Create list of required st…ce nodes for the current kernel...
         Starting Load Ke[   28.749135] Loading iSCSI transport class v2.0-870.
rnel Modules...
[   29.270422] iscsi: registered transport (tcp)
[[0;32m  OK  [0m] Started Journ[   29.308303] iscsi: registered transport (iser)
al Service.
[[0;32m  OK  [0m] Mounted Kernel Debug File System.
[[0;32m  OK  [0m] Started Set the console keyboard layout.
[[0;32m  OK  [0m] Mounted POSIX Message Queue File System.
[[0;32m  OK  [0m] Started Uncomplicated firewall.
[[0;32m  OK  [0m] Started Remount Root and Kernel File Systems.
[[0;32m  OK  [0m] Mounted Huge Pages File System.
[[0;32m  OK  [0m] Started Create list of required sta…vice nodes for the current kernel.
[[0;32m  OK  [0m] Started Load Kernel Modules.
[[0;32m  OK  [0m] Started udev Coldplug all Devices.
[[0;32m  OK  [0m] Started LVM2 metadata daemon.
         Starting Apply Kernel Variables...
         Mounting FUSE Control File System...
         Mounting Kernel Configuration File System...
         Starting Create Static Device Nodes in /dev...
         Starting Load/Save Random Seed...
         Starting Initial cloud-init job (pre-networking)...
         Starting Flush Journal to Persistent Storage...
[[0;32m  OK  [0m] Started Monitoring of LVM2 mirrors,…sing dmeventd or progress polling.
[[0;32m  OK  [0m] Started Apply Kernel Variables.
[[0;32m  OK  [0m] Mounted FUSE Control File System.
[[0;32m  OK  [0m] Mounted Kernel Configuration File System.
[[0;32m  OK  [0m] Started Create Static Device Nodes in /dev.
[[0;32m  OK  [0m] Started Load/Save Random Seed.
         Starting udev Kernel Device Manager...
[[0;32m  OK  [0m] Reached target Local File Systems (Pre).
[[0;32m  OK  [0m] Reached target Local File Systems.
         Starting Set console font and keymap...
         Starting AppArmor initialization...
         Starting Tell Plymouth To Write Out Runtime Data...
         Starting ebtables ruleset management...
[[0;32m  OK  [0m] Started udev Kernel Device Manager.
[[0;32m  OK  [0m] Started Set console font and keymap.
[[0;32m  OK  [0m] Started Tell Plymouth To Write Out Runtime Data.
[[0;32m  OK  [0m] Started Dispatch Password Requests to Console Directory Watch.
[[0;32m  OK  [0m] Reached target Local Encrypted Volumes.
[[0;32m  OK  [0m] Started Flush Journal to Persistent Storage.
[[0;32m  OK  [0m] Found device /dev/ttyS0.
[[0;32m  OK  [0m] Listening on Load/Save RF Kill Switch Status /dev/rfkill Watch.
         Starting Create Volatile Files and Directories...
[[0;32m  OK  [0m] Started ebtables ruleset management.
[[0;32m  OK  [0m] Started Create Volatile Files and Directories.
         Starting Update UTMP about System Boot/Shutdown...
[[0;32m  OK  [0m] Started Update UTMP about System Boot/Shutdown.
[[0;32m  OK  [0m] Started AppArmor initialization.
[   31.835970] cloud-init[421]: Cloud-init v. 18.2 running 'init-local' at Wed, 15 Aug 2018 23:50:43 +0000. Up 31.60 seconds.
[[0;32m  OK  [0m] Started Initial cloud-init job (pre-networking).
[[0;32m  OK  [0m] Reached target Network (Pre).
         Starting Network Service...
[[0;32m  OK  [0m] Started Network Service.
         Starting Wait for Network to be Configured...
         Starting Network Name Resolution...
[[0;32m  OK  [0m] Started Network Name Resolution.
[[0;32m  OK  [0m] Reached target Host and Network Name Lookups.
[[0;32m  OK  [0m] Reached target Network.
[[0;32m  OK  [0m] Started Wait for Network to be Configured.
         Starting Initial cloud-init job (metadata service crawler)...
[   34.440654] cloud-init[673]: Cloud-init v. 18.2 running 'init' at Wed, 15 Aug 2018 23:50:45 +0000. Up 33.99 seconds.
[   34.480678] cloud-init[673]: ci-info: ++++++++++++++++++++++++++++++++++++++Net device info+++++++++++++++++++++++++++++++++++++++
[   34.497446] cloud-init[673]: ci-info: +--------+------+-----------------------------+---------------+--------+-------------------+
[[0;32m  OK  [0m] Started Initial cloud-init job (metadata service crawler).
[   34.537771] [cloud-init[0;32m  OK  [0m[673]: ] ci-info: | Device |  Up  |           Address           |      Mask     | Scope  |     Hw-Address    |Reached target Cloud-config availability.

[[0;32m  OK  [0m] Reached target Network is Online.
[   34.818052] cloud-init[673]: ci-info: +--------+------+-----------------------------+---------------+--------+-------------------+
         Starting iSCSI initiator daemon (iscsid)...
[[0;32m  OK  [0m] Reached target System Initialization.
[   35.001711] cloud-init[673]: ci-info: | enp0s3 | True |          10.0.2.15          | 255.255.255.0 | global | 02:bb:34:5d:fb:cd |
         Starting LXD - unix socket.
[   35.193454] cloud-init[673]: ci-info: | enp0s3 | True |  fe80::bb:34ff:fe5d:fbcd/64 |       .       |  link  | 02:bb:34:5d:fb:cd |
[[0;32m  OK  [0m] Started ACPI Events Check.
[[0;32m  OK  [0m] Reached target Paths.
[   35.329054] cloud-init[673]: ci-info: | enp0s8 | True |        192.168.33.10        | 255.255.255.0 | global | 08:00:27:5d:20:d6 |
[[0;32m  OK  [0m] Started Daily apt download activities.
[   35.458299] [cloud-init[0;32m  OK  [0m[673]: ] Started Message of the Day.
ci-info: | enp0s8 | True | fe80::a00:27ff:fe5d:20d6/64 |       .       |  link  | 08:00:27:5d:20:d6 |
[[0;32m  OK  [0m] Listening on UUID daemon activation socket.
[   35.573416] cloud-init[673]: ci-info: |   lo   | True |          127.0.0.1          |   255.0.0.0   |  host  |         .         |
         Starting Socket activation for snappy daemon.
[[0;32m  OK  [0m] Listening on ACPID Listen Socket.
[[0;32m  OK  [0m] Started Daily apt upgrade and clean activities.
[[0;32m  OK  [0m] Started Discard unused blocks once a week.
[[0;32m  OK  [0m] Started Daily Cleanup of Temporary Directories.
[[0;32m  OK  [0m] Reached target Timers.
[[0;32m  OK  [0m] Listening on D-Bus System Message Bus Socket.
[   35.634743] cloud-init[673]: ci-info: |   lo   | True |           ::1/128           |       .       |  host  |         .         |
[   35.940391] [cloud-init[0;32m  OK  [0m[673]: ] ci-info: +--------+------+-----------------------------+---------------+--------+-------------------+Listening on LXD - unix socket.

[[0;32m  OK  [0m] Listening on Socket activation for snappy daemon.
[   36.057682] [cloud-init[0;32m  OK  [0m[673]: ] ci-info: +++++++++++++++++++++++++++++Route IPv4 info+++++++++++++++++++++++++++++Started iSCSI initiator daemon (iscsid).

         Starting Availability of block devices...
[   36.164182] [cloud-init[0;32m  OK  [0m[673]: ] ci-info: +-------+--------------+----------+-----------------+-----------+-------+Reached target Remote File Systems (Pre).

[[0;32m  OK  [0m] Reached target Remote File Systems.
[[0;32m  OK  [0m] Reached target Sockets.
[[0;32m  OK  [0m] Reached target Basic System.
[   36.214363] cloud-init[673]: ci-info: | Route | Destination  | Gateway  |     Genmask     | Interface | Flags |
[[0;32m  OK  [0m] Started Regular background program processing daemon.
[   36.286995] [cloud-init[673]: [0;32m  OK  [0mci-info: +-------+--------------+----------+-----------------+-----------+-------+] 
Started Unattended Upgrades Shutdown.
         Starting Login Service...
[   36.324634] cloud-init[673]: ci-info: |   0   |   0.0.0.0    | 10.0.2.2 |     0.0.0.0     |   enp0s3  |   UG  |
[[0;32m  OK  [0m] Started irqbalance daemon.
[   36.350845] cloud-init[673]: ci-info: |   1   |   10.0.2.0   | 0.0.0.0  |  255.255.255.0  |   enp0s3  |   U   |
         Starting Virtualbox guest utils...
[   36.438485] cloud-init[673]: ci-info: |   2   |   10.0.2.2   | 0.0.0.0  | 255.255.255.255 |   enp0s3  |   UH  |
[   36.536634] cloud-init[673]: ci-info: |   3   | 192.168.33.0 | 0.0.0.0  |  255.255.255.0  |   enp0s8  |   U   |
         Starting LSB: Record successful boot for GRUB...
[   36.537295] cloud-init[673]: ci-info: +-------+--------------+----------+-----------------+-----------+-------+
         Starting Apply the settings specified in cloud-config...
[   36.660549] cloud-init[673]: ci-info: +++++++++++++++++++Route IPv6 info+++++++++++++++++++
[[0;32m  OK  [0m] Started Deferred execution scheduler.
[   36.744456] cloud-init[673]: ci-info: +-------+-------------+---------+-----------+-------+
         Starting Snappy daemon...
         Starting LSB: automatic crash report generation...
[   36.807012] cloud-init[673]: ci-info: | Route | Destination | Gateway | Interface | Flags |
[[0;32m  OK  [0m] Started D-Bus System Message Bus.
[   36.931839] cloud-init[673]: ci-info: +-------+-------------+---------+-----------+-------+
[[0;32m  OK  [0m] Started Login Service.
[   37.008283] cloud-init         Starting Accounts Service...
         Starting System Logging Service...
[673]: ci-info: |   1   |  fe80::/64  |    ::   |   enp0s8  |   U   |
         Starting OpenBSD Secure Shell server...
[   37.164920] cloud-init[673]: ci-info: |   2   |  fe80::/64  |    ::   |   enp0s3  |   U   |
[   37.255224] [cloud-init[0;32m  OK  [0m[673]: ] ci-info: |   4   |    local    |    ::   |   enp0s3  |   U   |Started FUSE filesystem for LXC.

         Starting Dispatcher daemon for systemd-networkd...
[   37.290165] cloud-init[673]: ci-info: |   5   |    local    |    ::   |   enp0s8  |   U   |
         Starting Permit User Sessions...
[   37.333929] cloud-init[673]: ci-info: |   6   |   ff00::/8  |    ::   |   enp0s8  |   U   |
         Starting Discard unused blocks...
[   37.383458] cloud-init[673]: ci-info: |   7   |   ff00::/8  |    ::   |   enp0s3  |   U   |
         Starting LXD - container startup/shutdown...
[   37.434781] cloud-init[673]: ci-info: +-------+-------------+---------+-----------+-------+
[[0;32m  OK  [0m] Started Snappy daemon.
[[0;32m  OK  [0m] Started System Logging Service.
[[0;32m  OK  [0m] Started Dispatcher daemon for systemd-networkd.
[   37.655337] cloud-init[839]: Cloud-init v. 18.2 running 'modules:config' at Wed, 15 Aug 2018 23:50:48 +0000. Up 37.41 seconds.
[[0;32m  OK  [0m] Started Availability of block devices.
[[0;32m  OK  [0m] Started Apply the settings specified in cloud-config.
[[0;32m  OK  [0m] Started Permit User Sessions.
[[0;32m  OK  [0m] Started OpenBSD Secure Shell server.
[[0;32m  OK  [0m] Started Discard unused blocks.
[[0;32m  OK  [0m] Started LXD - container startup/shutdown.
         Starting Authorization Manager...
         Starting Hold until boot process finishes up...
         Starting Terminate Plymouth Boot Screen...
         Starting Wait until snapd is fully seeded...
[[0;32m  OK  [0m] Started Virtualbox guest utils.
[[0;32m  OK  [0m] Started LSB: Record successful boot for GRUB.
[[0;32m  OK  [0m] Started LSB: automatic crash report generation.
[[0;32m  OK  [0m] Started Hold until boot process finishes up.
[[0;32m  OK  [0m] Started Terminate Plymouth Boot Screen.
[[0;32m  OK  [0m] Started Wait until snapd is fully seeded.
[[0;32m  OK  [0m] Started Authorization Manager.
[[0;32m  OK  [0m] Started Accounts Service.
         Starting Set console scheme...
[[0;32m  OK  [0m] Started Serial Getty on ttyS0.
[[0;32m  OK  [0m] Started Set console scheme.
[[0;32m  OK  [0m] Created slice system-getty.slice.
[[0;32m  OK  [0m] Started Getty on tty1.
[[0;32m  OK  [0m] Reached target Login Prompts.
[[0;32m  OK  [0m] Reached target Multi-User System.
[[0;32m  OK  [0m] Reached target Graphical Interface.
         Starting Update UTMP about System Runlevel Changes...
         Starting Execute cloud user/final scripts...
[[0;32m  OK  [0m] Started Update UTMP about System Runlevel Changes.
[   39.144916] cloud-init[1248]: Cloud-init v. 18.2 running 'modules:final' at Wed, 15 Aug 2018 23:50:50 +0000. Up 38.99 seconds.
[[0;32m  OK  [0m] Started Execute cloud user/final scripts.
[[   39.315316] cloud-init[1248]: Cloud-init v. 18.2 finished at Wed, 15 Aug 2018 23:50:50 +0000. Datasource DataSourceNoCloud [seed=/dev/sdb][dsmode=net].  Up 39.13 seconds
[0;32m  OK  [0m] Reached target Cloud-init target.

Ubuntu 18.04.1 LTS ubuntu-bionic ttyS0

ubuntu-bionic login:          Stopping User Manager for UID 1000.          Stopping Virtualbox guest utils...
         Stopping OpenBSD Secure Shell server...
         Stopping Unattended Upgrades Shutdown...
         Stopping System Logging Service...
[[0;32m  OK  [0m] Stopped Wait until snapd is fully seeded.
         Stopping Snappy daemon...
         Stopping Deferred execution scheduler...
         Stopping Accounts Service...
         Stopping irqbalance daemon...
[[0;32m  OK  [0m] Stopped Daily apt download activities.
[[0;32m  OK  [0m] Stopped target System Time Synchronized.
         Stopping LSB: Record successful boot for GRUB...
[[0;32m  OK  [0m] Stopped Daily Cleanup of Temporary Directories.
[[0;32m  OK  [0m] Unmounted /var/lib/lxcfs.
[[0;32m  OK  [0m] Stopped Regular background program processing daemon.
[[0;32m  OK  [0m] Stopped irqbalance daemon.
[[0;32m  OK  [0m] Stopped Deferred execution scheduler.
[[0;32m  OK  [0m] Stopped Snappy daemon.
[[0;32m  OK  [0m] Stopped Accounts Service.
[[0;32m  OK  [0m] Stopped System Logging Service.
[[0;32m  OK  [0m] Stopped Dispatcher daemon for systemd-networkd.
[[0;32m  OK  [0m] Stopped OpenBSD Secure Shell server.
[[0;32m  OK  [0m] Stopped Authorization Manager.
[[0;32m  OK  [0m] Stopped Serial Getty on ttyS0.
[[0;32m  OK  [0m] Stopped Getty on tty1.
[[0;32m  OK  [0m] Stopped User Manager for UID 1000.
[[0;32m  OK  [0m] Stopped Availability of block devices.
[[0;32m  OK  [0m] Stopped D-Bus System Message Bus.
[[0;32m  OK  [0m] Stopped Unattended Upgrades Shutdown.
[[0;32m  OK  [0m] Stopped FUSE filesystem for LXC.
[[0;32m  OK  [0m] Stopped Session 9 of user vagrant.
[[0;32m  OK  [0m] Removed slice User Slice of vagrant.
         Stopping Login Service...
[[0;32m  OK  [0m] Removed slice system-getty.slice.
         Stopping Permit User Sessions...
[[0;32m  OK  [0m] Removed slice system-serial\x2dgetty.slice.
[[0;32m  OK  [0m] Stopped Login Service.
[[0;32m  OK  [0m] Stopped Virtualbox guest utils.
[[0;32m  OK  [0m] Stopped LSB: Record successful boot for GRUB.
[[0;32m  OK  [0m] Stopped Permit User Sessions.
[[0;32m  OK  [0m] Stopped target User and Group Name Lookups.
[[0;32m  OK  [0m] Stopped LSB: automatic crash report generation.
[[0;32m  OK  [0m] Stopped LXD - container startup/shutdown.
[[0;32m  OK  [0m] Stopped target Remote File Systems.
[[0;32m  OK  [0m] Stopped target Remote File Systems (Pre).
         Stopping iSCSI initiator daemon (iscsid)...
[[0;32m  OK  [0m] Stopped target Basic System.
[[0;32m  OK  [0m] Stopped target Slices.
[[0;32m  OK  [0m] Removed slice User and Session Slice.
[[0;32m  OK  [0m] Stopped target Sockets.
[[0;32m  OK  [0m] Closed D-Bus System Message Bus Socket.
[[0;32m  OK  [0m] Closed Syslog Socket.
[[0;32m  OK  [0m] Closed ACPID Listen Socket.
[[0;32m  OK  [0m] Closed LXD - unix socket.
[[0;32m  OK  [0m] Closed Socket activation for snappy daemon.
[[0;32m  OK  [0m] Closed UUID daemon activation socket.
[[0;32m  OK  [0m] Stopped target Paths.
[[0;32m  OK  [0m] Stopped ACPI Events Check.
[[0;32m  OK  [0m] Stopped target System Initialization.
[[0;32m  OK  [0m] Stopped target Local Encrypted Volumes.
[[0;32m  OK  [0m] Stopped Dispatch Password Requests to Console Directory Watch.
[[0;32m  OK  [0m] Stopped Forward Password Requests to Wall Directory Watch.
         Stopping Load/Save Random Seed...
         Stopping Update UTMP about System Boot/Shutdown...
[[0;32m  OK  [0m] Stopped iSCSI initiator daemon (iscsid).
[[0;32m  OK  [0m] Stopped Load/Save Random Seed.
[[0;32m  OK  [0m] Stopped target Network is Online.
[[0;32m  OK  [0m] Stopped target Network.
         Stopping Network Name Resolution...
[[0;32m  OK  [0m] Stopped Initial cloud-init job (metadata service crawler).
[[0;32m  OK  [0m] Stopped Wait for Network to be Configured.
[[0;32m  OK  [0m] Stopped Network Name Resolution.
[[0;32m  OK  [0m] Stopped Update UTMP about System Boot/Shutdown.
[[0;32m  OK  [0m] Stopped Create Volatile Files and Directories.
[[0;32m  OK  [0m] Stopped target Local File Systems.
         Unmounting /run/user/1000...
         Stopping Network Service...
[[0;32m  OK  [0m] Unmounted /run/user/1000.
[[0;32m  OK  [0m] Stopped Network Service.
[[0;32m  OK  [0m] Stopped Apply Kernel Variables.
[[0;32m  OK  [0m] Stopped Load Kernel Modules.
[[0;32m  OK  [0m] Stopped target Network (Pre).
[[0;32m  OK  [0m] Stopped Initial cloud-init job (pre-networking).
[[0;32m  OK  [0m] Reached target Unmount All Filesystems.
[[0;32m  OK  [0m] Stopped target Local File Systems (Pre).
         Stopping Monitoring of LVM2 mirrors…ng dmeventd or progress polling...
[[0;32m  OK  [0m] Stopped Remount Root and Kernel File Systems.
[[0;32m  OK  [0m] Stopped Create Static Device Nodes in /dev.
[[0;32m  OK  [0m] Stopped target Swap.
[[0;32m  OK  [0m] Reached target Shutdown.
[[0;32m  OK  [0m] Reached target Final Step.
         Starting Power-Off...
[[0;32m  OK  [0m] Stopped Monitoring of LVM2 mirrors,…sing dmeventd or progress polling.
         Stopping LVM2 metadata daemon...
[[0;32m  OK  [0m] Stopped LVM2 metadata daemon.
[ 1138.474920] reboot: Power down
